<?xml version="1.0" encoding="UTF-8"?>
<robot generator="Robot 6.1.1 (Python 3.12.0 on win32)" generated="20231115 11:15:33.883" rpa="false" schemaversion="4">
<suite id="s1" name="Gettext" source="E:\robotframework\testcase\gettext.robot">
<test id="s1-t1" name="Testgettext" line="7">
<kw name="Open Browser" library="SeleniumLibrary">
<arg>https://dev.falaya.com/</arg>
<arg>chrome</arg>
<doc>Opens a new browser instance to the optional ``url``.</doc>
<msg timestamp="20231115 11:15:34.454" level="INFO">Opening browser 'chrome' to base url 'https://dev.falaya.com/'.</msg>
<status status="PASS" starttime="20231115 11:15:34.453" endtime="20231115 11:15:44.776"/>
</kw>
<kw name="Maximize Browser Window" library="SeleniumLibrary">
<doc>Maximizes current browser window.</doc>
<status status="PASS" starttime="20231115 11:15:44.777" endtime="20231115 11:15:45.100"/>
</kw>
<kw name="Get Text" library="SeleniumLibrary">
<var>${data}</var>
<arg>xpath://p[contains(text(),'Superior Support | Revolutionary Technology | Unbe')]</arg>
<doc>Returns the text value of the element identified by ``locator``.</doc>
<msg timestamp="20231115 11:15:45.342" level="INFO">${data} = Superior Support | Revolutionary Technology | Unbelievable Savings</msg>
<status status="PASS" starttime="20231115 11:15:45.101" endtime="20231115 11:15:45.342"/>
</kw>
<kw name="Log To Console" library="BuiltIn">
<arg>${data}</arg>
<doc>Logs the given message to the console.</doc>
<status status="PASS" starttime="20231115 11:15:45.343" endtime="20231115 11:15:45.344"/>
</kw>
<status status="PASS" starttime="20231115 11:15:34.452" endtime="20231115 11:15:45.345"/>
</test>
<status status="PASS" starttime="20231115 11:15:33.886" endtime="20231115 11:15:45.348"/>
</suite>
<statistics>
<total>
<stat pass="1" fail="0" skip="0">All Tests</stat>
</total>
<tag>
</tag>
<suite>
<stat pass="1" fail="0" skip="0" id="s1" name="Gettext">Gettext</stat>
</suite>
</statistics>
<errors>
</errors>
</robot>
