<?xml version="1.0" encoding="UTF-8"?>
<robot generator="Robot 6.1.1 (Python 3.12.0 on win32)" generated="20231108 15:15:05.977" rpa="false" schemaversion="4">
<suite id="s1" name="Test" source="E:\robotframework\testcase\test.robot">
<test id="s1-t1" name="Google Index" line="16">
<kw name="Open Browser" library="SeleniumLibrary">
<arg>${url}</arg>
<arg>${browser}</arg>
<doc>Opens a new browser instance to the optional ``url``.</doc>
<msg timestamp="20231108 15:15:06.450" level="INFO">Opening browser 'chrome' to base url 'https://www.google.com'.</msg>
<status status="PASS" starttime="20231108 15:15:06.449" endtime="20231108 15:15:22.668"/>
</kw>
<kw name="Wait Until Page Contains" library="SeleniumLibrary">
<arg>${url}</arg>
<doc>Waits until ``text`` appears on the current page.</doc>
<status status="PASS" starttime="20231108 15:15:22.669" endtime="20231108 15:15:22.708"/>
</kw>
<kw name="Sleep" library="BuiltIn">
<arg>5s</arg>
<doc>Pauses the test executed for the given time.</doc>
<msg timestamp="20231108 15:15:27.710" level="INFO">Slept 5 seconds</msg>
<status status="PASS" starttime="20231108 15:15:22.709" endtime="20231108 15:15:27.710"/>
</kw>
<kw name="Close Browser" library="SeleniumLibrary">
<doc>Closes the current browser.</doc>
<status status="PASS" starttime="20231108 15:15:27.712" endtime="20231108 15:15:30.004"/>
</kw>
<status status="PASS" starttime="20231108 15:15:06.448" endtime="20231108 15:15:30.005"/>
</test>
<status status="PASS" starttime="20231108 15:15:05.980" endtime="20231108 15:15:30.010"/>
</suite>
<statistics>
<total>
<stat pass="1" fail="0" skip="0">All Tests</stat>
</total>
<tag>
</tag>
<suite>
<stat pass="1" fail="0" skip="0" id="s1" name="Test">Test</stat>
</suite>
</statistics>
<errors>
</errors>
</robot>
